2020-07-27 17:21:58,947 [INFO] Activator:176 - 


2020-07-27 17:21:58,949 [INFO] Activator:177 - !SESSION log4j initialized
2020-07-27 17:22:10,167 [INFO] ApplicationProperties:181 - Using Application install path: C:\ST\STM32CubeIDE_1.0.2\STM32CubeIDE\plugins\com.st.stm32cube.common.mx_5.6.1.202004052303
2020-07-27 17:22:10,181 [INFO] DbMcusXml:72 - Set database path to: C:\ST\STM32CubeIDE_1.0.2\STM32CubeIDE\plugins\com.st.stm32cube.common.mx_5.6.1.202004052303\\db\/mcu/
2020-07-27 17:22:10,185 [INFO] DbBoardsPdsc:54 - Set plugin database path to: C:\ST\STM32CubeIDE_1.0.2\STM32CubeIDE\plugins\com.st.stm32cube.common.mx_5.6.1.202004052303\\db\/plugins/boardmanager/
2020-07-27 17:22:10,186 [INFO] DbMcus:235 - Set plugin images path to: C:\ST\STM32CubeIDE_1.0.2\STM32CubeIDE\plugins\com.st.stm32cube.common.mx_5.6.1.202004052303\\db\/plugins/mcufinder/images/
2020-07-27 17:22:10,186 [INFO] DbBoards:232 - Set plugin images path to: C:\ST\STM32CubeIDE_1.0.2\STM32CubeIDE\plugins\com.st.stm32cube.common.mx_5.6.1.202004052303\\db\/plugins/mcufinder/images/
2020-07-27 17:22:10,196 [INFO] DbMcusAds:85 - Set database path to: C:\Users\zhika\.stmcufinder\plugins\mcufinder//mcu/
2020-07-27 17:22:10,197 [INFO] DbMcusDocs:108 - Set database path to: C:\Users\zhika\.stmcufinder\plugins\mcufinder//mcu/
2020-07-27 17:22:10,199 [INFO] DbMcusJson:61 - Set database path to: C:\Users\zhika\.stmcufinder\plugins\mcufinder//mcu/
2020-07-27 17:22:10,201 [INFO] DbBoardsDocs:97 - Set database path to: C:\Users\zhika\.stmcufinder\plugins\mcufinder//mcu/
2020-07-27 17:22:10,202 [INFO] DbBoardsJson:51 - Set database path to: C:\Users\zhika\.stmcufinder\plugins\mcufinder//mcu/
2020-07-27 17:22:10,224 [INFO] CrossReferenceDbSqlite:197 - Set database path to: C:\Users\zhika\.stmcufinder\plugins\mcufinder//mcu/cs/
2020-07-27 17:22:10,344 [INFO] RulesReader:52 - Compatibility file has been processed (208 Rules)
2020-07-27 17:22:10,488 [INFO] MicroXplorer:570 - Detected Java Version = 1.8.0_202
2020-07-27 17:22:10,489 [INFO] DbMcusXml:72 - Set database path to: C:\ST\STM32CubeIDE_1.0.2\STM32CubeIDE\plugins\com.st.stm32cube.common.mx_5.6.1.202004052303\\db\/mcu/
2020-07-27 17:22:10,489 [INFO] DbBoardsPdsc:54 - Set plugin database path to: C:\ST\STM32CubeIDE_1.0.2\STM32CubeIDE\plugins\com.st.stm32cube.common.mx_5.6.1.202004052303\\db\/plugins/boardmanager/
2020-07-27 17:22:10,489 [INFO] DbMcus:235 - Set plugin images path to: C:\ST\STM32CubeIDE_1.0.2\STM32CubeIDE\plugins\com.st.stm32cube.common.mx_5.6.1.202004052303\\db\/plugins/mcufinder/images/
2020-07-27 17:22:10,490 [INFO] DbBoards:232 - Set plugin images path to: C:\ST\STM32CubeIDE_1.0.2\STM32CubeIDE\plugins\com.st.stm32cube.common.mx_5.6.1.202004052303\\db\/plugins/mcufinder/images/
2020-07-27 17:22:10,490 [WARN] DbFile:36 - Overriding database path with different value: C:\Users\zhika\.stmcufinder\plugins\mcufinder/ => C:\Users\zhika\.stmcufinder\plugins\mcufinder
2020-07-27 17:22:10,490 [INFO] DbMcusAds:85 - Set database path to: C:\Users\zhika\.stmcufinder\plugins\mcufinder//mcu/
2020-07-27 17:22:10,491 [WARN] DbFile:36 - Overriding database path with different value: C:\Users\zhika\.stmcufinder\plugins\mcufinder/ => C:\Users\zhika\.stmcufinder\plugins\mcufinder
2020-07-27 17:22:10,491 [INFO] DbMcusDocs:108 - Set database path to: C:\Users\zhika\.stmcufinder\plugins\mcufinder//mcu/
2020-07-27 17:22:10,491 [WARN] DbFile:36 - Overriding database path with different value: C:\Users\zhika\.stmcufinder\plugins\mcufinder/ => C:\Users\zhika\.stmcufinder\plugins\mcufinder
2020-07-27 17:22:10,491 [INFO] DbMcusJson:61 - Set database path to: C:\Users\zhika\.stmcufinder\plugins\mcufinder//mcu/
2020-07-27 17:22:10,491 [WARN] DbFile:36 - Overriding database path with different value: C:\Users\zhika\.stmcufinder\plugins\mcufinder/ => C:\Users\zhika\.stmcufinder\plugins\mcufinder
2020-07-27 17:22:10,491 [INFO] DbBoardsDocs:97 - Set database path to: C:\Users\zhika\.stmcufinder\plugins\mcufinder//mcu/
2020-07-27 17:22:10,491 [WARN] DbFile:36 - Overriding database path with different value: C:\Users\zhika\.stmcufinder\plugins\mcufinder/ => C:\Users\zhika\.stmcufinder\plugins\mcufinder
2020-07-27 17:22:10,492 [INFO] DbBoardsJson:51 - Set database path to: C:\Users\zhika\.stmcufinder\plugins\mcufinder//mcu/
2020-07-27 17:22:10,492 [WARN] DbFile:36 - Overriding database path with different value: C:\Users\zhika\.stmcufinder\plugins\mcufinder/ => C:\Users\zhika\.stmcufinder\plugins\mcufinder
2020-07-27 17:22:10,492 [WARN] DbFile:36 - Overriding database path with different value: C:\Users\zhika\.stmcufinder\plugins\mcufinder/ => C:\Users\zhika\.stmcufinder\plugins\mcufinder
2020-07-27 17:22:10,492 [INFO] CrossReferenceDbSqlite:197 - Set database path to: C:\Users\zhika\.stmcufinder\plugins\mcufinder//mcu/cs/
2020-07-27 17:22:10,594 [INFO] MainPanel:181 - HeapMemory: 368050176
2020-07-27 17:22:10,668 [INFO] DbMcusXml:72 - Set database path to: C:\ST\STM32CubeIDE_1.0.2\STM32CubeIDE\plugins\com.st.stm32cube.common.mx_5.6.1.202004052303\\db\/mcu/
2020-07-27 17:22:10,668 [INFO] DbBoardsPdsc:54 - Set plugin database path to: C:\ST\STM32CubeIDE_1.0.2\STM32CubeIDE\plugins\com.st.stm32cube.common.mx_5.6.1.202004052303\\db\/plugins/boardmanager/
2020-07-27 17:22:10,668 [INFO] DbMcus:235 - Set plugin images path to: C:\ST\STM32CubeIDE_1.0.2\STM32CubeIDE\plugins\com.st.stm32cube.common.mx_5.6.1.202004052303\\db\/plugins/mcufinder/images/
2020-07-27 17:22:10,668 [INFO] DbBoards:232 - Set plugin images path to: C:\ST\STM32CubeIDE_1.0.2\STM32CubeIDE\plugins\com.st.stm32cube.common.mx_5.6.1.202004052303\\db\/plugins/mcufinder/images/
2020-07-27 17:22:10,669 [WARN] DbFile:36 - Overriding database path with different value: C:\Users\zhika\.stmcufinder\plugins\mcufinder/ => C:\Users\zhika\.stmcufinder\plugins\mcufinder
2020-07-27 17:22:10,670 [INFO] DbMcusAds:85 - Set database path to: C:\Users\zhika\.stmcufinder\plugins\mcufinder//mcu/
2020-07-27 17:22:10,670 [WARN] DbFile:36 - Overriding database path with different value: C:\Users\zhika\.stmcufinder\plugins\mcufinder/ => C:\Users\zhika\.stmcufinder\plugins\mcufinder
2020-07-27 17:22:10,670 [INFO] DbMcusDocs:108 - Set database path to: C:\Users\zhika\.stmcufinder\plugins\mcufinder//mcu/
2020-07-27 17:22:10,670 [WARN] DbFile:36 - Overriding database path with different value: C:\Users\zhika\.stmcufinder\plugins\mcufinder/ => C:\Users\zhika\.stmcufinder\plugins\mcufinder
2020-07-27 17:22:10,671 [INFO] DbMcusJson:61 - Set database path to: C:\Users\zhika\.stmcufinder\plugins\mcufinder//mcu/
2020-07-27 17:22:10,671 [WARN] DbFile:36 - Overriding database path with different value: C:\Users\zhika\.stmcufinder\plugins\mcufinder/ => C:\Users\zhika\.stmcufinder\plugins\mcufinder
2020-07-27 17:22:10,671 [INFO] DbBoardsDocs:97 - Set database path to: C:\Users\zhika\.stmcufinder\plugins\mcufinder//mcu/
2020-07-27 17:22:10,671 [WARN] DbFile:36 - Overriding database path with different value: C:\Users\zhika\.stmcufinder\plugins\mcufinder/ => C:\Users\zhika\.stmcufinder\plugins\mcufinder
2020-07-27 17:22:10,672 [INFO] DbBoardsJson:51 - Set database path to: C:\Users\zhika\.stmcufinder\plugins\mcufinder//mcu/
2020-07-27 17:22:10,672 [WARN] DbFile:36 - Overriding database path with different value: C:\Users\zhika\.stmcufinder\plugins\mcufinder/ => C:\Users\zhika\.stmcufinder\plugins\mcufinder
2020-07-27 17:22:10,672 [WARN] DbFile:36 - Overriding database path with different value: C:\Users\zhika\.stmcufinder\plugins\mcufinder/ => C:\Users\zhika\.stmcufinder\plugins\mcufinder
2020-07-27 17:22:10,672 [INFO] CrossReferenceDbSqlite:197 - Set database path to: C:\Users\zhika\.stmcufinder\plugins\mcufinder//mcu/cs/
2020-07-27 17:22:10,703 [INFO] ApplicationProperties:181 - Using Application install path: C:\ST\STM32CubeIDE_1.0.2\STM32CubeIDE\plugins\com.st.stm32cube.common.mx_5.6.1.202004052303
2020-07-27 17:22:10,706 [INFO] PluginManage:178 - Search for loadable plugins [exclusion list=, tutovideos]
2020-07-27 17:22:10,709 [INFO] PluginManage:292 - Check plugin analytics
2020-07-27 17:22:10,718 [INFO] PluginManage:342 - Loaded plugin analytics (category:tool,tabindex:-1)
2020-07-27 17:22:10,718 [INFO] PluginManage:292 - Check plugin clock
2020-07-27 17:22:10,739 [INFO] PluginManage:342 - Loaded plugin clock (category:base,tabindex:2)
2020-07-27 17:22:10,739 [INFO] PluginManage:292 - Check plugin ddr
2020-07-27 17:22:10,743 [INFO] PluginManage:342 - Loaded plugin ddr (category:tool,tabindex:6)
2020-07-27 17:22:10,743 [INFO] PluginManage:292 - Check plugin filemanager
2020-07-27 17:22:10,934 [INFO] PluginManage:342 - Loaded plugin filemanager (category:base,tabindex:10)
2020-07-27 17:22:10,935 [INFO] PluginManage:292 - Check plugin ipmanager
2020-07-27 17:22:10,961 [INFO] PluginManage:342 - Loaded plugin ipmanager (category:base,tabindex:5)
2020-07-27 17:22:10,961 [INFO] PluginManage:292 - Check plugin pinoutandconfiguration
2020-07-27 17:22:10,983 [INFO] PluginManage:342 - Loaded plugin pinoutandconfiguration (category:base,tabindex:1)
2020-07-27 17:22:10,983 [INFO] PluginManage:292 - Check plugin pinoutconfig
2020-07-27 17:22:11,036 [INFO] PluginManage:342 - Loaded plugin pinoutconfig (category:base,tabindex:0)
2020-07-27 17:22:11,036 [INFO] PluginManage:292 - Check plugin power
2020-07-27 17:22:11,060 [INFO] PluginManage:342 - Loaded plugin power (category:power,tabindex:4)
2020-07-27 17:22:11,060 [INFO] PluginManage:292 - Check plugin projectmanager
2020-07-27 17:22:11,093 [INFO] PluginManage:342 - Loaded plugin projectmanager (category:projectmanager,tabindex:3)
2020-07-27 17:22:11,093 [INFO] PluginManage:292 - Check plugin thirdparty
2020-07-27 17:22:11,225 [INFO] ThirdPartyDb:295 - Open Third Party DataBase File (C:/Users/zhika/.stm32cubemx/plugins/thirdparty/db/thirdparties_db.xml) : 69 ms. number of Sw pack : 28
2020-07-27 17:22:11,258 [INFO] PluginManage:342 - Loaded plugin thirdparty (category:base,tabindex:-1)
2020-07-27 17:22:11,258 [INFO] PluginManage:292 - Check plugin tools
2020-07-27 17:22:11,263 [INFO] PluginManage:342 - Loaded plugin tools (category:base,tabindex:7)
2020-07-27 17:22:11,263 [INFO] PluginManage:292 - Check plugin tutovideos
2020-07-27 17:22:11,264 [INFO] PluginManage:347 - Ignore plugin tutovideos (category:base)
2020-07-27 17:22:11,264 [INFO] PluginManage:292 - Check plugin updater
2020-07-27 17:22:11,282 [INFO] PluginManage:342 - Loaded plugin updater (category:base,tabindex:12)
2020-07-27 17:22:11,283 [INFO] PluginManage:265 - PluginManage : Loaded plugins [12]
2020-07-27 17:22:11,635 [INFO] PinOutPanel:1420 - setPackage(No Configuration,No Configuration)
2020-07-27 17:22:11,805 [INFO] IPUIPlugin:65 - create IPUIPlugin
2020-07-27 17:22:11,806 [INFO] PluginManager:200 - loadIPPluginJar : add adc
2020-07-27 17:22:11,810 [INFO] IPUIPlugin:65 - create IPUIPlugin
2020-07-27 17:22:11,810 [INFO] PluginManager:200 - loadIPPluginJar : add aes
2020-07-27 17:22:11,816 [INFO] IPUIPlugin:65 - create IPUIPlugin
2020-07-27 17:22:11,816 [INFO] PluginManager:200 - loadIPPluginJar : add can
2020-07-27 17:22:11,820 [INFO] IPUIPlugin:65 - create IPUIPlugin
2020-07-27 17:22:11,820 [INFO] PluginManager:200 - loadIPPluginJar : add comp
2020-07-27 17:22:11,825 [INFO] IPUIPlugin:65 - create IPUIPlugin
2020-07-27 17:22:11,826 [INFO] PluginManager:200 - loadIPPluginJar : add cryp
2020-07-27 17:22:11,831 [INFO] IPUIPlugin:65 - create IPUIPlugin
2020-07-27 17:22:11,831 [INFO] PluginManager:200 - loadIPPluginJar : add dfsdm
2020-07-27 17:22:11,841 [INFO] IPUIPlugin:65 - create IPUIPlugin
2020-07-27 17:22:11,842 [INFO] PluginManager:200 - loadIPPluginJar : add dma
2020-07-27 17:22:11,845 [INFO] IPUIPlugin:65 - create IPUIPlugin
2020-07-27 17:22:11,846 [INFO] PluginManager:200 - loadIPPluginJar : add fatfs
2020-07-27 17:22:11,853 [INFO] IPUIPlugin:65 - create IPUIPlugin
2020-07-27 17:22:11,854 [INFO] PluginManager:200 - loadIPPluginJar : add fmc
2020-07-27 17:22:11,861 [INFO] IPUIPlugin:65 - create IPUIPlugin
2020-07-27 17:22:11,861 [INFO] PluginManager:200 - loadIPPluginJar : add freertos
2020-07-27 17:22:11,865 [INFO] IPUIPlugin:65 - create IPUIPlugin
2020-07-27 17:22:11,865 [INFO] PluginManager:200 - loadIPPluginJar : add genericplugin
2020-07-27 17:22:11,869 [INFO] IPUIPlugin:65 - create IPUIPlugin
2020-07-27 17:22:11,869 [INFO] PluginManager:200 - loadIPPluginJar : add gfxmmu
2020-07-27 17:22:11,876 [INFO] IPUIPlugin:65 - create IPUIPlugin
2020-07-27 17:22:11,877 [INFO] PluginManager:200 - loadIPPluginJar : add gic
2020-07-27 17:22:11,882 [INFO] IPUIPlugin:65 - create IPUIPlugin
2020-07-27 17:22:11,882 [INFO] PluginManager:200 - loadIPPluginJar : add gpio
2020-07-27 17:22:11,885 [INFO] IPUIPlugin:65 - create IPUIPlugin
2020-07-27 17:22:11,885 [INFO] PluginManager:200 - loadIPPluginJar : add gtzc
2020-07-27 17:22:11,888 [INFO] IPUIPlugin:65 - create IPUIPlugin
2020-07-27 17:22:11,888 [INFO] PluginManager:200 - loadIPPluginJar : add hash
2020-07-27 17:22:11,892 [INFO] IPUIPlugin:65 - create IPUIPlugin
2020-07-27 17:22:11,892 [INFO] PluginManager:200 - loadIPPluginJar : add i2c
2020-07-27 17:22:11,896 [INFO] IPUIPlugin:65 - create IPUIPlugin
2020-07-27 17:22:11,897 [INFO] PluginManager:200 - loadIPPluginJar : add i2s
2020-07-27 17:22:11,900 [INFO] IPUIPlugin:65 - create IPUIPlugin
2020-07-27 17:22:11,900 [INFO] PluginManager:200 - loadIPPluginJar : add ipddr
2020-07-27 17:22:11,902 [INFO] IPUIPlugin:65 - create IPUIPlugin
2020-07-27 17:22:11,902 [INFO] PluginManager:200 - loadIPPluginJar : add ltdc
2020-07-27 17:22:11,907 [INFO] IPUIPlugin:65 - create IPUIPlugin
2020-07-27 17:22:11,907 [INFO] PluginManager:200 - loadIPPluginJar : add mdma
2020-07-27 17:22:11,923 [INFO] IPUIPlugin:65 - create IPUIPlugin
2020-07-27 17:22:11,924 [INFO] PluginManager:200 - loadIPPluginJar : add nvic
2020-07-27 17:22:11,928 [INFO] IPUIPlugin:65 - create IPUIPlugin
2020-07-27 17:22:11,928 [INFO] PluginManager:200 - loadIPPluginJar : add opamp
2020-07-27 17:22:11,933 [INFO] IPUIPlugin:65 - create IPUIPlugin
2020-07-27 17:22:11,934 [INFO] PluginManager:200 - loadIPPluginJar : add pdm2pcm
2020-07-27 17:22:11,947 [INFO] IPUIPlugin:65 - create IPUIPlugin
2020-07-27 17:22:11,953 [INFO] PluginManager:200 - loadIPPluginJar : add plateformsettings
2020-07-27 17:22:11,956 [INFO] IPUIPlugin:65 - create IPUIPlugin
2020-07-27 17:22:11,957 [INFO] PluginManager:200 - loadIPPluginJar : add quadspi
2020-07-27 17:22:11,962 [INFO] IPUIPlugin:65 - create IPUIPlugin
2020-07-27 17:22:11,963 [INFO] PluginManager:200 - loadIPPluginJar : add resmgrutility
2020-07-27 17:22:11,967 [INFO] IPUIPlugin:65 - create IPUIPlugin
2020-07-27 17:22:11,967 [INFO] PluginManager:200 - loadIPPluginJar : add sai
2020-07-27 17:22:11,971 [INFO] IPUIPlugin:65 - create IPUIPlugin
2020-07-27 17:22:11,971 [INFO] PluginManager:200 - loadIPPluginJar : add spi
2020-07-27 17:22:11,976 [INFO] IPUIPlugin:65 - create IPUIPlugin
2020-07-27 17:22:11,976 [INFO] PluginManager:200 - loadIPPluginJar : add stm32_wpan
2020-07-27 17:22:11,979 [INFO] IPUIPlugin:65 - create IPUIPlugin
2020-07-27 17:22:11,979 [INFO] PluginManager:200 - loadIPPluginJar : add tim
2020-07-27 17:22:11,984 [INFO] IPUIPlugin:65 - create IPUIPlugin
2020-07-27 17:22:11,985 [INFO] PluginManager:200 - loadIPPluginJar : add touchsensing
2020-07-27 17:22:11,988 [INFO] IPUIPlugin:65 - create IPUIPlugin
2020-07-27 17:22:11,989 [INFO] PluginManager:200 - loadIPPluginJar : add tracer_emb
2020-07-27 17:22:11,992 [INFO] IPUIPlugin:65 - create IPUIPlugin
2020-07-27 17:22:11,993 [INFO] PluginManager:200 - loadIPPluginJar : add ts
2020-07-27 17:22:11,997 [INFO] IPUIPlugin:65 - create IPUIPlugin
2020-07-27 17:22:11,997 [INFO] PluginManager:200 - loadIPPluginJar : add tsc
2020-07-27 17:22:12,000 [INFO] IPUIPlugin:65 - create IPUIPlugin
2020-07-27 17:22:12,001 [INFO] PluginManager:200 - loadIPPluginJar : add ucpd
2020-07-27 17:22:12,006 [INFO] IPUIPlugin:65 - create IPUIPlugin
2020-07-27 17:22:12,007 [INFO] PluginManager:200 - loadIPPluginJar : add usart
2020-07-27 17:22:13,572 [INFO] BoardConnectionPanel:3472 - [DDR PANEL] STM32CubeIDE environment
2020-07-27 17:22:13,573 [INFO] MainDdrPanel:103 - [DDR PANEL] GETTER - cubeProgrammerPath is: null
2020-07-27 17:22:13,877 [FATAL] Updater:277 - Updater called before beeing initialized
2020-07-27 17:22:14,197 [FATAL] Updater:277 - Updater called before beeing initialized
2020-07-27 17:22:14,204 [INFO] PinOutPanel:1420 - setPackage(No Configuration,No Configuration)
2020-07-27 17:22:14,205 [FATAL] Updater:277 - Updater called before beeing initialized
2020-07-27 17:22:14,213 [INFO] BoardConnectionPanel:3472 - [DDR PANEL] STM32CubeIDE environment
2020-07-27 17:22:14,213 [INFO] MainDdrPanel:103 - [DDR PANEL] GETTER - cubeProgrammerPath is: C:\ST\STM32CubeIDE_1.0.2\STM32CubeIDE\plugins\com.st.stm32cube.ide.mcu.externaltools.cubeprogrammer.win32_1.3.0.202002181050\tools\bin
2020-07-27 17:22:14,219 [INFO] ProgrammerExecThread:148 - [ProgrammerAPI] CubeProgrammer command construction: C:\ST\STM32CubeIDE_1.0.2\STM32CubeIDE\plugins\com.st.stm32cube.ide.mcu.externaltools.cubeprogrammer.win32_1.3.0.202002181050\tools\bin\STM32_Programmer_CLI.exe -l
2020-07-27 17:22:14,238 [FATAL] Updater:277 - Updater called before beeing initialized
2020-07-27 17:22:14,238 [ERROR] IntegrityCheckThread:252 - Cannot obtain thirdParties list 21
2020-07-27 17:22:14,238 [ERROR] IntegrityCheckThread:100 - Unexpected exception IntegrityCheckThread Thread: Updater error
2020-07-27 17:22:14,239 [INFO] ThirdPartyDb:261 - Close Third Party DataBase File (C:/Users/zhika/.stm32cubemx/plugins/thirdparty/db/thirdparties_db.xml)
2020-07-27 17:22:14,520 [INFO] MainDdrPanel:93 - [DDR PANEL] SETTER - Set cubeProgrammerPath to: C:\ST\STM32CubeIDE_1.0.2\STM32CubeIDE\plugins\com.st.stm32cube.ide.mcu.externaltools.cubeprogrammer.win32_1.3.0.202002181050\tools\bin
2020-07-27 17:22:14,532 [INFO] Updater:886 - Updater Version found : 5.6.1
2020-07-27 17:22:14,566 [INFO] ApplicationProperties:181 - Using Application install path: C:\ST\STM32CubeIDE_1.0.2\STM32CubeIDE\plugins\com.st.stm32cube.common.mx_5.6.1.202004052303
2020-07-27 17:22:14,853 [INFO] MainUpdater:2230 - connection check result : 10
2020-07-27 17:22:14,855 [INFO] MainUpdater:236 - Updater Check For Update Now.
2020-07-27 17:22:14,856 [INFO] MicroXplorer:420 - Change Database Version : DB.5.0.60
2020-07-27 17:22:14,914 [INFO] CheckServerUpdateThread:92 - End of CheckServer Thread
2020-07-27 17:22:15,066 [INFO] MainUpdater:2230 - connection check result : 10
2020-07-27 17:22:15,067 [INFO] LogOutputStream:76 - [STDOUT_REDIRECT] Successfull proxy connection.
2020-07-27 17:22:15,229 [INFO] McuFinderGlobals:40 - Set McuFinder mode to 2 (CubeIDE integrated)
2020-07-27 17:22:15,246 [INFO] FinderPluginLoader:86 - Searching for filters in installed packs
2020-07-27 17:22:15,249 [INFO] DbMcusXml:110 - Load MCU database from C:\ST\STM32CubeIDE_1.0.2\STM32CubeIDE\plugins\com.st.stm32cube.common.mx_5.6.1.202004052303\\db\/mcu/families.xml
2020-07-27 17:22:16,298 [INFO] DbMcusJson:90 - JSON generation date=Thu Jul 02 08:47:47 PDT 2020 (1593704867)
2020-07-27 17:22:17,425 [INFO] DbMcus:171 - Found 1670 MCUs (1625 are supported by CubeMX, 1625 are visible in CubeMX)
2020-07-27 17:22:17,426 [INFO] ApiDb:158 - Load user favorites file C:\Users\zhika/.stm32cubeide/favorites.mcus.txt: 0 item(s)
2020-07-27 17:22:17,427 [INFO] ApiDb:163 - User favorites MCUs=[]
2020-07-27 17:22:17,427 [INFO] DbMcus:183 - Set 0 / 0 favorites MCUs
2020-07-27 17:22:18,768 [INFO] DbMcusAds:143 - JSON generation date=Mon Jul 27 07:58:30 PDT 2020 (1595861910)
2020-07-27 17:22:18,771 [INFO] LoadUrlFilesThread:161 - End of LoadServerUrlFiles without Thread
2020-07-27 17:22:18,897 [INFO] McuDetailPanel:181 - Set advertising image to C:/Users/zhika/STM32Cube/Repository/\STM32Cube_ecosystem_N4273S_big.jpg
2020-07-27 17:22:19,977 [INFO] McuFilterPanel:249 - Update 0 favorites MCUs
2020-07-27 17:22:20,535 [INFO] DbBoardsPdsc:92 - Found 22 items
2020-07-27 17:22:20,539 [INFO] DbBoardsPdsc:92 - Found 9 items
2020-07-27 17:22:20,546 [INFO] DbBoardsPdsc:92 - Found 28 items
2020-07-27 17:22:20,549 [INFO] DbBoardsPdsc:92 - Found 1 items
2020-07-27 17:22:20,559 [INFO] DbBoardsPdsc:92 - Found 40 items
2020-07-27 17:22:20,571 [INFO] DbBoardsPdsc:92 - Found 39 items
2020-07-27 17:22:20,575 [INFO] DbBoardsPdsc:92 - Found 2 items
2020-07-27 17:22:20,579 [INFO] DbBoardsPdsc:92 - Found 4 items
2020-07-27 17:22:20,588 [WARN] DbBoardsPdsc:256 - Board STM32H7B3I-DK: unknown feature type=Audio, name=, username=Audio stereo codec with Headphone Amp (CS42L51-CNZ), n=1
2020-07-27 17:22:20,588 [WARN] DbBoardsPdsc:256 - Board STM32H7B3I-DK: unknown feature type=WIFI, name=, username=WIFI 802.11 b/g/n, n=1
2020-07-27 17:22:20,593 [WARN] DbBoardsPdsc:256 - Board STM32H7B3I-EVAL: unknown feature type=Audio, name=, username=Multi-Channel Audio Codec (CS42L51-CNZ), n=1
2020-07-27 17:22:20,594 [WARN] DbBoardsPdsc:256 - Board STM32H7B3I-EVAL: unknown feature type=Meter, name=, username=Power-metering and Temperature-monitoring with sigma-delta modulators, n=1
2020-07-27 17:22:20,594 [WARN] DbBoardsPdsc:256 - Board STM32H7B3I-EVAL: unknown feature type=WIFI, name=, username=WIFI 802.11 a/b/g/n, n=1
2020-07-27 17:22:20,594 [WARN] DbBoardsPdsc:256 - Board STM32H7B3I-EVAL: unknown feature type=Motor, name=, username=Motor Control, n=1
2020-07-27 17:22:20,652 [INFO] DbBoardsJson:80 - JSON generation date=Thu Jul 02 06:35:57 PDT 2020 (1593696957)
2020-07-27 17:22:20,660 [INFO] DbBoards:120 - Found 146 boards (142 are supported by CubeMX)
2020-07-27 17:22:20,671 [INFO] DbBoardsDocs:131 - JSON generation date=Thu Jul 02 08:47:47 PDT 2020 (1593704867)
2020-07-27 17:22:20,698 [INFO] DbBoardsDocs:70 - Found 185 boards documents
2020-07-27 17:22:20,699 [WARN] DbBoards:130 - board NUCLEO-H743ZI2 has no document id list !
2020-07-27 17:22:20,701 [WARN] DbBoards:130 - board P-NUCLEO-WB55-Nucleo has no document id list !
2020-07-27 17:22:20,701 [WARN] DbBoards:130 - board P-NUCLEO-WB55-USBDongle has no document id list !
2020-07-27 17:22:20,701 [WARN] DbBoards:130 - board NUCLEO-WB35CE has no document id list !
2020-07-27 17:22:20,702 [WARN] DbBoards:130 - board STM32F401C-DISCO has no document id list !
2020-07-27 17:22:20,702 [WARN] DbBoards:130 - board STM32F769I-DISC1 has no document id list !
2020-07-27 17:22:20,703 [WARN] DbBoards:152 - board B-G474E-DPOW1 / document id not found: 4624
2020-07-27 17:22:20,703 [WARN] DbBoards:152 - board B-G474E-DPOW1 / document id not found: 4625
2020-07-27 17:22:20,703 [WARN] DbBoards:130 - board STM32L-DISCOVERY has no document id list !
2020-07-27 17:22:20,704 [WARN] DbBoards:130 - board STM32H747I-DISC1 has no document id list !
2020-07-27 17:22:20,705 [WARN] DbBoards:130 - board STM32MP157A-DK1 has no document id list !
2020-07-27 17:22:20,706 [WARN] DbBoards:130 - board STM32H743I-EVAL2 has no document id list !
2020-07-27 17:22:20,706 [WARN] DbBoards:130 - board STM32H753I-EVAL2 has no document id list !
2020-07-27 17:22:20,706 [WARN] DbBoards:130 - board STM32G474E-EVAL1 has no document id list !
2020-07-27 17:22:20,707 [WARN] DbBoards:130 - board STEVAL-BFA001V1B has no document id list !
2020-07-27 17:22:20,707 [WARN] DbBoards:130 - board STEVAL-BFA001V2B has no document id list !
2020-07-27 17:22:20,707 [WARN] DbBoards:130 - board STEVAL-MKSBOX1V1 has no document id list !
2020-07-27 17:22:20,707 [WARN] DbBoards:130 - board STEVAL-STWINKT1 has no document id list !
2020-07-27 17:22:20,707 [WARN] DbBoards:130 - board STEVAL-IDP005V1 has no document id list !
2020-07-27 17:22:20,707 [WARN] DbBoards:130 - board STEVAL-IDP005V2 has no document id list !
2020-07-27 17:22:22,729 [ERROR] DbBoards:192 - Image file not found for board B-L4S5I-IOT01A: C:\ST\STM32CubeIDE_1.0.2\STM32CubeIDE\plugins\com.st.stm32cube.common.mx_5.6.1.202004052303\\db\/plugins/mcufinder/images/boards/B-L4S5I-IOT01A_small.jpg
2020-07-27 17:22:22,730 [INFO] ApiDb:158 - Load user favorites file C:\Users\zhika/.stm32cubeide/favorites.boards.txt: 0 item(s)
2020-07-27 17:22:22,730 [INFO] ApiDb:163 - User favorites Boards=[]
2020-07-27 17:22:22,731 [INFO] DbBoards:209 - Set 0 / 0 favorites Boards
2020-07-27 17:22:22,845 [INFO] LoadUrlFilesThread:161 - End of LoadServerUrlFiles without Thread
2020-07-27 17:22:22,845 [INFO] BoardDetailPanel:180 - Set advertising image to C:/Users/zhika/STM32Cube/Repository/\STM32Cube_ecosystem_N4273S_big.jpg
2020-07-27 17:22:22,883 [INFO] BoardFilterPanel:211 - Update 0 favorites Boards
2020-07-27 17:22:23,000 [INFO] CrossSelectorPresenter:1319 - Cross Selector saved comparison directory: C:\Users\zhika\.stmcufinder\plugins\mcufinder\mcu\cs_comparisons_mx
2020-07-27 17:22:40,821 [INFO] MainUpdater:2230 - connection check result : 10
2020-07-27 17:22:40,904 [INFO] MicroXplorer:390 - Change Database Path : 
2020-07-27 17:22:40,904 [INFO] MicroXplorer:420 - Change Database Version : DB.5.0.60
2020-07-27 17:22:40,909 [INFO] PinOutPanel:1420 - setPackage(No Configuration,No Configuration)
2020-07-27 17:22:40,910 [INFO] UtilMem:74 - Begin LoadConfig() Used Memory: 484445792 Bytes (673185792)
2020-07-27 17:22:40,911 [INFO] MicroXplorer:390 - Change Database Path : 
2020-07-27 17:22:40,912 [INFO] MicroXplorer:420 - Change Database Version : DB.5.0.60
2020-07-27 17:22:40,912 [INFO] OpenFileManager:274 - Change cursor
2020-07-27 17:22:50,544 [INFO] ImportTextPane:162 - (OptionalMessage_ERROR) IP (RCC) : Invalid parameter (48MHZClocksFreq_Value)
2020-07-27 17:22:50,544 [INFO] ImportTextPane:162 - (OptionalMessage_ERROR) IP (RCC) : Invalid parameter (ADC12outputFreq_Value)
2020-07-27 17:22:50,544 [INFO] ImportTextPane:162 - (OptionalMessage_ERROR) IP (RCC) : Invalid parameter (ADC34outputFreq_Value)
2020-07-27 17:22:50,545 [INFO] ImportTextPane:162 - (OptionalMessage_ERROR) IP (RCC) : Invalid parameter (AHBFreq_Value)
2020-07-27 17:22:50,545 [INFO] ImportTextPane:162 - (OptionalMessage_ERROR) IP (RCC) : Invalid parameter (APB1CLKDivider)
2020-07-27 17:22:50,545 [INFO] ImportTextPane:162 - (OptionalMessage_ERROR) IP (RCC) : Invalid parameter (APB1TimFreq_Value)
2020-07-27 17:22:50,545 [INFO] ImportTextPane:162 - (OptionalMessage_ERROR) IP (RCC) : Invalid parameter (APB2CLKDivider)
2020-07-27 17:22:50,545 [INFO] ImportTextPane:162 - (OptionalMessage_ERROR) IP (RCC) : Invalid parameter (APB2TimFreq_Value)
2020-07-27 17:22:50,546 [INFO] ImportTextPane:162 - (OptionalMessage_ERROR) IP (RCC) : Invalid parameter (DFSDMAudioFreq_Value)
2020-07-27 17:22:50,546 [INFO] ImportTextPane:162 - (OptionalMessage_ERROR) IP (RCC) : Parameter (DFSDMFreq_Value) has invalid value (108000000)
2020-07-27 17:22:50,552 [INFO] ImportTextPane:162 - (OptionalMessage_ERROR) IP (RCC) : Invalid parameter (EthernetFreq_Value)
2020-07-27 17:22:50,553 [INFO] ImportTextPane:162 - (OptionalMessage_ERROR) IP (RCC) : Invalid parameter (FCLKCortexFreq_Value)
2020-07-27 17:22:50,553 [INFO] ImportTextPane:162 - (OptionalMessage_ERROR) IP (RCC) : Invalid parameter (FMPI2C1Freq_Value)
2020-07-27 17:22:50,553 [INFO] ImportTextPane:162 - (OptionalMessage_ERROR) IP (RCC) : Invalid parameter (FamilyName)
2020-07-27 17:22:50,553 [INFO] ImportTextPane:162 - (OptionalMessage_ERROR) IP (RCC) : Invalid parameter (HPREFreq_Value)
2020-07-27 17:22:50,554 [INFO] ImportTextPane:162 - (OptionalMessage_ERROR) IP (RCC) : Invalid parameter (I2C1Freq_Value)
2020-07-27 17:22:50,554 [INFO] ImportTextPane:162 - (OptionalMessage_ERROR) IP (RCC) : Invalid parameter (I2C2Freq_Value)
2020-07-27 17:22:50,554 [INFO] ImportTextPane:162 - (OptionalMessage_ERROR) IP (RCC) : Invalid parameter (I2C3Freq_Value)
2020-07-27 17:22:50,554 [INFO] ImportTextPane:162 - (OptionalMessage_ERROR) IP (RCC) : Invalid parameter (I2S1Freq_Value)
2020-07-27 17:22:50,554 [INFO] ImportTextPane:162 - (OptionalMessage_ERROR) IP (RCC) : Invalid parameter (I2S2Freq_Value)
2020-07-27 17:22:50,555 [INFO] ImportTextPane:162 - (OptionalMessage_ERROR) IP (RCC) : Invalid parameter (I2SClocksFreq_Value)
2020-07-27 17:22:50,555 [INFO] ImportTextPane:162 - (OptionalMessage_ERROR) IP (RCC) : Invalid parameter (I2SFreq_Value)
2020-07-27 17:22:50,555 [INFO] ImportTextPane:162 - (OptionalMessage_ERROR) IP (RCC) : Invalid parameter (MCOFreq_Value)
2020-07-27 17:22:50,555 [INFO] ImportTextPane:162 - (OptionalMessage_ERROR) IP (RCC) : Invalid parameter (PLLCLKFreq_Value)
2020-07-27 17:22:50,555 [INFO] ImportTextPane:162 - (OptionalMessage_ERROR) IP (RCC) : Invalid parameter (PLLI2SPCLKFreq_Value)
2020-07-27 17:22:50,556 [INFO] ImportTextPane:162 - (OptionalMessage_ERROR) IP (RCC) : Invalid parameter (PLLI2SQCLKFreq_Value)
2020-07-27 17:22:50,556 [INFO] ImportTextPane:162 - (OptionalMessage_ERROR) IP (RCC) : Invalid parameter (PLLI2SQoutputFreq_Value)
2020-07-27 17:22:50,556 [INFO] ImportTextPane:162 - (OptionalMessage_ERROR) IP (RCC) : Invalid parameter (PLLI2SRCLKFreq_Value)
2020-07-27 17:22:50,556 [INFO] ImportTextPane:162 - (OptionalMessage_ERROR) IP (RCC) : Invalid parameter (PLLI2SRoutputFreq_Value)
2020-07-27 17:22:50,556 [INFO] ImportTextPane:162 - (OptionalMessage_ERROR) IP (RCC) : Invalid parameter (PLLI2SoutputFreq_Value)
2020-07-27 17:22:50,557 [INFO] ImportTextPane:162 - (OptionalMessage_ERROR) IP (RCC) : Invalid parameter (PLLM)
2020-07-27 17:22:50,557 [INFO] ImportTextPane:162 - (OptionalMessage_ERROR) IP (RCC) : Invalid parameter (PLLMCOFreq_Value)
2020-07-27 17:22:50,557 [INFO] ImportTextPane:162 - (OptionalMessage_ERROR) IP (RCC) : Invalid parameter (PLLMUL)
2020-07-27 17:22:50,557 [INFO] ImportTextPane:162 - (OptionalMessage_ERROR) IP (RCC) : Invalid parameter (PLLN)
2020-07-27 17:22:50,557 [INFO] ImportTextPane:162 - (OptionalMessage_ERROR) IP (RCC) : Invalid parameter (PLLQ)
2020-07-27 17:22:50,557 [INFO] ImportTextPane:162 - (OptionalMessage_ERROR) IP (RCC) : Invalid parameter (PLLQCLKFreq_Value)
2020-07-27 17:22:50,558 [INFO] ImportTextPane:162 - (OptionalMessage_ERROR) IP (RCC) : Invalid parameter (PLLQoutputFreq_Value)
2020-07-27 17:22:50,558 [INFO] ImportTextPane:162 - (OptionalMessage_ERROR) IP (RCC) : Invalid parameter (PLLRCLKFreq_Value)
2020-07-27 17:22:50,558 [INFO] ImportTextPane:162 - (OptionalMessage_ERROR) IP (RCC) : Invalid parameter (PLLRoutputFreq_Value)
2020-07-27 17:22:50,558 [INFO] ImportTextPane:162 - (OptionalMessage_ERROR) IP (RCC) : Invalid parameter (PLLSAIPCLKFreq_Value)
2020-07-27 17:22:50,558 [INFO] ImportTextPane:162 - (OptionalMessage_ERROR) IP (RCC) : Invalid parameter (PLLSAIQCLKFreq_Value)
2020-07-27 17:22:50,558 [INFO] ImportTextPane:162 - (OptionalMessage_ERROR) IP (RCC) : Invalid parameter (PLLSAIoutputFreq_Value)
2020-07-27 17:22:50,559 [INFO] ImportTextPane:162 - (OptionalMessage_ERROR) IP (RCC) : Invalid parameter (PRESCALERUSB)
2020-07-27 17:22:50,559 [INFO] ImportTextPane:162 - (OptionalMessage_ERROR) IP (RCC) : Invalid parameter (PWRFreq_Value)
2020-07-27 17:22:50,559 [INFO] ImportTextPane:162 - (OptionalMessage_ERROR) IP (RCC) : Invalid parameter (RTCHSEDivFreq_Value)
2020-07-27 17:22:50,559 [INFO] ImportTextPane:162 - (OptionalMessage_ERROR) IP (RCC) : Invalid parameter (SAI2Freq_Value)
2020-07-27 17:22:50,559 [INFO] ImportTextPane:162 - (OptionalMessage_ERROR) IP (RCC) : Invalid parameter (SDIOFreq_Value)
2020-07-27 17:22:50,559 [INFO] ImportTextPane:162 - (OptionalMessage_ERROR) IP (RCC) : Invalid parameter (SDMMC2Freq_Value)
2020-07-27 17:22:50,560 [INFO] ImportTextPane:162 - (OptionalMessage_ERROR) IP (RCC) : Invalid parameter (SYSCLKSourceVirtual)
2020-07-27 17:22:50,560 [INFO] ImportTextPane:162 - (OptionalMessage_ERROR) IP (RCC) : Invalid parameter (TIM15Freq_Value)
2020-07-27 17:22:50,560 [INFO] ImportTextPane:162 - (OptionalMessage_ERROR) IP (RCC) : Invalid parameter (TIM16Freq_Value)
2020-07-27 17:22:50,560 [INFO] ImportTextPane:162 - (OptionalMessage_ERROR) IP (RCC) : Invalid parameter (TIM17Freq_Value)
2020-07-27 17:22:50,560 [INFO] ImportTextPane:162 - (OptionalMessage_ERROR) IP (RCC) : Invalid parameter (TIM1Freq_Value)
2020-07-27 17:22:50,560 [INFO] ImportTextPane:162 - (OptionalMessage_ERROR) IP (RCC) : Invalid parameter (TIM20Freq_Value)
2020-07-27 17:22:50,560 [INFO] ImportTextPane:162 - (OptionalMessage_ERROR) IP (RCC) : Invalid parameter (TIM2Freq_Value)
2020-07-27 17:22:50,560 [INFO] ImportTextPane:162 - (OptionalMessage_ERROR) IP (RCC) : Invalid parameter (TIM3Freq_Value)
2020-07-27 17:22:50,560 [INFO] ImportTextPane:162 - (OptionalMessage_ERROR) IP (RCC) : Invalid parameter (TIM8Freq_Value)
2020-07-27 17:22:50,560 [INFO] ImportTextPane:162 - (OptionalMessage_ERROR) IP (RCC) : Invalid parameter (UART4Freq_Value)
2020-07-27 17:22:50,561 [INFO] ImportTextPane:162 - (OptionalMessage_ERROR) IP (RCC) : Invalid parameter (UART5Freq_Value)
2020-07-27 17:22:50,561 [INFO] ImportTextPane:162 - (OptionalMessage_ERROR) IP (RCC) : Invalid parameter (UART7Freq_Value)
2020-07-27 17:22:50,561 [INFO] ImportTextPane:162 - (OptionalMessage_ERROR) IP (RCC) : Invalid parameter (UART8Freq_Value)
2020-07-27 17:22:50,561 [INFO] ImportTextPane:162 - (OptionalMessage_ERROR) IP (RCC) : Invalid parameter (USART1Freq_Value)
2020-07-27 17:22:50,561 [INFO] ImportTextPane:162 - (OptionalMessage_ERROR) IP (RCC) : Invalid parameter (USART2Freq_Value)
2020-07-27 17:22:50,561 [INFO] ImportTextPane:162 - (OptionalMessage_ERROR) IP (RCC) : Invalid parameter (USART3Freq_Value)
2020-07-27 17:22:50,561 [INFO] ImportTextPane:162 - (OptionalMessage_ERROR) IP (RCC) : Invalid parameter (USART6Freq_Value)
2020-07-27 17:22:50,566 [INFO] ImportTextPane:162 - (OptionalMessage_ERROR) IP (RCC) : Invalid parameter (VCOI2SInputFreq_Value)
2020-07-27 17:22:50,566 [INFO] ImportTextPane:162 - (OptionalMessage_ERROR) IP (RCC) : Invalid parameter (VCOI2SOutputFreq_Value)
2020-07-27 17:22:50,567 [INFO] ImportTextPane:162 - (OptionalMessage_ERROR) IP (RCC) : Invalid parameter (VCOInputFreq_Value)
2020-07-27 17:22:50,568 [INFO] ImportTextPane:162 - (OptionalMessage_ERROR) IP (RCC) : Invalid parameter (VCOInputMFreq_Value)
2020-07-27 17:22:50,568 [INFO] ImportTextPane:162 - (OptionalMessage_ERROR) IP (RCC) : Invalid parameter (VCOOutput2Freq_Value)
2020-07-27 17:22:50,568 [INFO] ImportTextPane:162 - (OptionalMessage_ERROR) IP (RCC) : Invalid parameter (VCOOutputFreq_Value)
2020-07-27 17:22:50,568 [INFO] ImportTextPane:162 - (OptionalMessage_ERROR) IP (RCC) : Invalid parameter (VCOSAIOutputFreq_Value)
2020-07-27 17:22:50,568 [INFO] ImportTextPane:162 - (OptionalMessage_ERROR) IP (RCC) : Invalid parameter (VcooutputI2S)
2020-07-27 17:22:51,467 [INFO] UtilMem:74 - End LoadConfig() Used Memory: 420368992 Bytes (673185792)
2020-07-27 17:22:51,511 [INFO] ThirdPartyDb:295 - Open Third Party DataBase File (C:/Users/zhika/.stm32cubemx/plugins/thirdparty/db/thirdparties_db.xml) : 18 ms. number of Sw pack : 28
2020-07-27 17:22:51,560 [INFO] DependencyParser:785 - This component is not compatible with the current MCU : [1578735447796]
2020-07-27 17:22:51,561 [INFO] ThirdPartyModel:521 - Component with status : MCU_INCOMPATIBLE for condition : OS Tick GTIM id : 1578735447123
2020-07-27 17:22:51,562 [INFO] DependencyParser:785 - This component is not compatible with the current MCU : [1578735450372, 1578735447879]
2020-07-27 17:22:51,869 [INFO] ThirdParty:899 - CMSIS Pack Vendor :STMicroelectronics X-CUBE-NFC4 1.5.1
2020-07-27 17:22:51,869 [INFO] ThirdParty:899 - CMSIS Pack Vendor :STMicroelectronics X-CUBE-NFC4 1.4.1
2020-07-27 17:22:51,869 [INFO] ThirdParty:899 - CMSIS Pack Vendor :STMicroelectronics X-CUBE-NFC4 1.5.0
2020-07-27 17:22:51,869 [INFO] ThirdParty:899 - CMSIS Pack Vendor :STMicroelectronics X-CUBE-AI 4.1.0
2020-07-27 17:22:51,869 [INFO] ThirdParty:899 - CMSIS Pack Vendor :STMicroelectronics X-CUBE-MEMS1 6.2.0
2020-07-27 17:22:51,869 [INFO] ThirdParty:899 - CMSIS Pack Vendor :STMicroelectronics X-CUBE-AI 4.0.0
2020-07-27 17:22:51,869 [INFO] ThirdParty:899 - CMSIS Pack Vendor :STMicroelectronics X-CUBE-BLE1 4.4.0
2020-07-27 17:22:51,869 [INFO] ThirdParty:899 - CMSIS Pack Vendor :STMicroelectronics X-CUBE-GNSS1 3.0.0
2020-07-27 17:22:51,869 [INFO] ThirdParty:899 - CMSIS Pack Vendor :STMicroelectronics X-CUBE-BLE2 1.0.0
2020-07-27 17:22:51,870 [INFO] ThirdParty:899 - CMSIS Pack Vendor :STMicroelectronics X-CUBE-BLE1 5.0.0
2020-07-27 17:22:51,870 [INFO] ThirdParty:899 - CMSIS Pack Vendor :STMicroelectronics X-CUBE-SUBG2 1.1.0
2020-07-27 17:22:51,870 [INFO] ThirdParty:899 - CMSIS Pack Vendor :STMicroelectronics X-CUBE-GNSS1 4.1.0
2020-07-27 17:22:51,870 [INFO] ThirdParty:899 - CMSIS Pack Vendor :STMicroelectronics X-CUBE-SUBG2 1.0.0
2020-07-27 17:22:51,870 [INFO] ThirdParty:899 - CMSIS Pack Vendor :ARM CMSIS 5.6.0
2020-07-27 17:22:51,870 [INFO] ThirdParty:899 - CMSIS Pack Vendor :STMicroelectronics X-CUBE-MEMS1 8.0.0
2020-07-27 17:22:51,870 [INFO] ThirdParty:899 - CMSIS Pack Vendor :STMicroelectronics FreeRTOS 0.0.1
2020-07-27 17:22:51,870 [INFO] ThirdParty:899 - CMSIS Pack Vendor :STMicroelectronics X-CUBE-BLE2 2.0.0
2020-07-27 17:22:51,870 [INFO] ThirdParty:899 - CMSIS Pack Vendor :STMicroelectronics X-CUBE-GNSS1 5.0.0
2020-07-27 17:22:51,870 [INFO] ThirdParty:899 - CMSIS Pack Vendor :STMicroelectronics X-CUBE-MEMS1 7.0.0
2020-07-27 17:22:51,871 [INFO] ThirdParty:899 - CMSIS Pack Vendor :STMicroelectronics X-CUBE-BLE1 6.0.0
2020-07-27 17:22:51,871 [INFO] ThirdParty:899 - CMSIS Pack Vendor :STMicroelectronics X-CUBE-TOUCHGFX 4.13.0
2020-07-27 17:22:51,871 [INFO] ThirdParty:899 - CMSIS Pack Vendor :STMicroelectronics X-CUBE-NFC4 1.5.2
2020-07-27 17:22:51,871 [INFO] ThirdParty:899 - CMSIS Pack Vendor :STMicroelectronics X-CUBE-AI 5.1.1
2020-07-27 17:22:51,871 [INFO] ThirdParty:899 - CMSIS Pack Vendor :STMicroelectronics X-CUBE-MEMS1 7.2.0
2020-07-27 17:22:51,871 [INFO] ThirdParty:899 - CMSIS Pack Vendor :STMicroelectronics X-CUBE-AI 5.1.2
2020-07-27 17:22:51,871 [INFO] ThirdParty:899 - CMSIS Pack Vendor :STMicroelectronics X-CUBE-NFC4 2.0.0
2020-07-27 17:22:51,871 [INFO] ThirdParty:899 - CMSIS Pack Vendor :STMicroelectronics X-CUBE-AI 5.0.0
2020-07-27 17:22:52,636 [INFO] PinOutPanel:1420 - setPackage(No Configuration,No Configuration)
2020-07-27 17:22:52,640 [INFO] PinOutPanel:1420 - setPackage(STM32H743ZITx,LQFP144)
2020-07-27 17:22:53,946 [INFO] UtilMem:74 - Before build in PCC Used Memory: 396730272 Bytes (673185792)
2020-07-27 17:22:54,893 [INFO] SharedServices:71 - Folder for power plug-in: C:/Users/zhika/.stm32cubemx/plugins/power
2020-07-27 17:22:54,958 [INFO] SharedServices:71 - Folder for power plug-in: C:/Users/zhika/.stm32cubemx/plugins/power
2020-07-27 17:22:55,040 [INFO] SharedServices:71 - Folder for power plug-in: C:/Users/zhika/.stm32cubemx/plugins/power
2020-07-27 17:22:55,054 [INFO] SharedServices:71 - Folder for power plug-in: C:/Users/zhika/.stm32cubemx/plugins/power
2020-07-27 17:22:55,435 [INFO] UtilMem:74 - After build in PCC Used Memory: 468559768 Bytes (673185792)
2020-07-27 17:22:55,569 [INFO] IPUIPlugin:65 - create IPUIPlugin
2020-07-27 17:22:55,569 [INFO] IPUIPlugin:65 - create IPUIPlugin
2020-07-27 17:22:55,570 [INFO] IPUIPlugin:65 - create IPUIPlugin
2020-07-27 17:22:55,570 [INFO] IPUIPlugin:65 - create IPUIPlugin
2020-07-27 17:22:55,570 [INFO] IPUIPlugin:65 - create IPUIPlugin
2020-07-27 17:22:55,570 [INFO] IPUIPlugin:65 - create IPUIPlugin
2020-07-27 17:22:55,571 [INFO] IPUIPlugin:65 - create IPUIPlugin
2020-07-27 17:22:55,571 [INFO] IPUIPlugin:65 - create IPUIPlugin
2020-07-27 17:22:55,571 [INFO] IPUIPlugin:65 - create IPUIPlugin
2020-07-27 17:22:55,571 [INFO] IPUIPlugin:65 - create IPUIPlugin
2020-07-27 17:22:55,572 [INFO] IPUIPlugin:65 - create IPUIPlugin
2020-07-27 17:22:55,572 [INFO] IPUIPlugin:65 - create IPUIPlugin
2020-07-27 17:22:55,572 [INFO] IPUIPlugin:65 - create IPUIPlugin
2020-07-27 17:22:55,572 [INFO] IPUIPlugin:65 - create IPUIPlugin
2020-07-27 17:22:55,573 [INFO] IPUIPlugin:65 - create IPUIPlugin
2020-07-27 17:22:55,573 [INFO] IPUIPlugin:65 - create IPUIPlugin
2020-07-27 17:22:55,573 [INFO] IPUIPlugin:65 - create IPUIPlugin
2020-07-27 17:22:55,574 [INFO] IPUIPlugin:65 - create IPUIPlugin
2020-07-27 17:22:55,574 [INFO] IPUIPlugin:65 - create IPUIPlugin
2020-07-27 17:22:55,574 [INFO] IPUIPlugin:65 - create IPUIPlugin
2020-07-27 17:22:55,574 [INFO] IPUIPlugin:65 - create IPUIPlugin
2020-07-27 17:22:55,575 [INFO] IPUIPlugin:65 - create IPUIPlugin
2020-07-27 17:22:55,575 [INFO] IPUIPlugin:65 - create IPUIPlugin
2020-07-27 17:22:55,575 [INFO] IPUIPlugin:65 - create IPUIPlugin
2020-07-27 17:22:55,575 [INFO] IPUIPlugin:65 - create IPUIPlugin
2020-07-27 17:22:55,576 [INFO] IPUIPlugin:65 - create IPUIPlugin
2020-07-27 17:22:55,576 [INFO] IPUIPlugin:65 - create IPUIPlugin
2020-07-27 17:22:55,576 [INFO] IPUIPlugin:65 - create IPUIPlugin
2020-07-27 17:22:55,576 [INFO] IPUIPlugin:65 - create IPUIPlugin
2020-07-27 17:22:55,576 [INFO] IPUIPlugin:65 - create IPUIPlugin
2020-07-27 17:22:55,577 [INFO] IPUIPlugin:65 - create IPUIPlugin
2020-07-27 17:22:55,577 [INFO] IPUIPlugin:65 - create IPUIPlugin
2020-07-27 17:22:55,577 [INFO] IPUIPlugin:65 - create IPUIPlugin
2020-07-27 17:22:55,578 [INFO] IPUIPlugin:65 - create IPUIPlugin
2020-07-27 17:22:55,579 [INFO] IPUIPlugin:65 - create IPUIPlugin
2020-07-27 17:22:55,579 [INFO] IPUIPlugin:65 - create IPUIPlugin
2020-07-27 17:22:55,579 [INFO] IPUIPlugin:65 - create IPUIPlugin
2020-07-27 17:22:55,580 [INFO] IPUIPlugin:65 - create IPUIPlugin
2020-07-27 17:22:55,580 [INFO] IPUIPlugin:65 - create IPUIPlugin
2020-07-27 17:22:55,580 [INFO] IPUIPlugin:65 - create IPUIPlugin
2020-07-27 17:22:55,580 [INFO] IPUIPlugin:65 - create IPUIPlugin
2020-07-27 17:22:55,581 [INFO] IPUIPlugin:65 - create IPUIPlugin
2020-07-27 17:22:55,581 [INFO] IPUIPlugin:65 - create IPUIPlugin
2020-07-27 17:22:55,581 [INFO] IPUIPlugin:65 - create IPUIPlugin
2020-07-27 17:22:55,581 [INFO] IPUIPlugin:65 - create IPUIPlugin
2020-07-27 17:22:55,582 [INFO] IPUIPlugin:65 - create IPUIPlugin
2020-07-27 17:22:55,582 [INFO] IPUIPlugin:65 - create IPUIPlugin
2020-07-27 17:22:55,582 [INFO] IPUIPlugin:65 - create IPUIPlugin
2020-07-27 17:22:55,583 [INFO] IPUIPlugin:65 - create IPUIPlugin
2020-07-27 17:22:55,583 [INFO] IPUIPlugin:65 - create IPUIPlugin
2020-07-27 17:22:55,583 [INFO] IPUIPlugin:65 - create IPUIPlugin
2020-07-27 17:22:55,583 [INFO] IPUIPlugin:65 - create IPUIPlugin
2020-07-27 17:22:55,584 [INFO] IPUIPlugin:65 - create IPUIPlugin
2020-07-27 17:22:55,584 [INFO] IPUIPlugin:65 - create IPUIPlugin
2020-07-27 17:22:55,584 [INFO] IPUIPlugin:65 - create IPUIPlugin
2020-07-27 17:22:55,584 [INFO] IPUIPlugin:65 - create IPUIPlugin
2020-07-27 17:22:55,585 [INFO] IPUIPlugin:65 - create IPUIPlugin
2020-07-27 17:22:55,585 [INFO] IPUIPlugin:65 - create IPUIPlugin
2020-07-27 17:22:55,585 [INFO] IPUIPlugin:65 - create IPUIPlugin
2020-07-27 17:22:55,586 [INFO] IPUIPlugin:65 - create IPUIPlugin
2020-07-27 17:22:55,586 [INFO] IPUIPlugin:65 - create IPUIPlugin
2020-07-27 17:22:55,586 [INFO] IPUIPlugin:65 - create IPUIPlugin
2020-07-27 17:22:55,586 [INFO] IPUIPlugin:65 - create IPUIPlugin
2020-07-27 17:22:55,587 [INFO] IPUIPlugin:65 - create IPUIPlugin
2020-07-27 17:22:55,587 [INFO] IPUIPlugin:65 - create IPUIPlugin
2020-07-27 17:22:55,587 [INFO] IPUIPlugin:65 - create IPUIPlugin
2020-07-27 17:22:55,587 [INFO] IPUIPlugin:65 - create IPUIPlugin
2020-07-27 17:22:55,588 [INFO] IPUIPlugin:65 - create IPUIPlugin
2020-07-27 17:22:55,588 [INFO] IPUIPlugin:65 - create IPUIPlugin
2020-07-27 17:22:55,588 [INFO] IPUIPlugin:65 - create IPUIPlugin
2020-07-27 17:22:55,589 [INFO] IPUIPlugin:65 - create IPUIPlugin
2020-07-27 17:22:55,589 [INFO] IPUIPlugin:65 - create IPUIPlugin
2020-07-27 17:22:55,589 [INFO] IPUIPlugin:65 - create IPUIPlugin
2020-07-27 17:22:55,589 [INFO] IPUIPlugin:65 - create IPUIPlugin
2020-07-27 17:22:55,590 [INFO] IPUIPlugin:65 - create IPUIPlugin
2020-07-27 17:22:55,590 [INFO] IPUIPlugin:65 - create IPUIPlugin
2020-07-27 17:22:55,590 [INFO] IPUIPlugin:65 - create IPUIPlugin
2020-07-27 17:22:55,591 [INFO] IPUIPlugin:65 - create IPUIPlugin
2020-07-27 17:22:55,591 [INFO] IPUIPlugin:65 - create IPUIPlugin
2020-07-27 17:22:55,591 [INFO] IPUIPlugin:65 - create IPUIPlugin
2020-07-27 17:22:55,591 [INFO] IPUIPlugin:65 - create IPUIPlugin
2020-07-27 17:22:55,592 [INFO] IPUIPlugin:65 - create IPUIPlugin
2020-07-27 17:22:55,592 [INFO] IPUIPlugin:65 - create IPUIPlugin
2020-07-27 17:22:55,593 [INFO] IPUIPlugin:65 - create IPUIPlugin
2020-07-27 17:22:55,593 [INFO] IPUIPlugin:65 - create IPUIPlugin
2020-07-27 17:22:55,593 [INFO] IPUIPlugin:65 - create IPUIPlugin
2020-07-27 17:22:55,593 [INFO] IPUIPlugin:65 - create IPUIPlugin
2020-07-27 17:22:55,594 [INFO] IPUIPlugin:65 - create IPUIPlugin
2020-07-27 17:22:55,594 [INFO] IPUIPlugin:65 - create IPUIPlugin
2020-07-27 17:22:55,595 [INFO] IPUIPlugin:65 - create IPUIPlugin
2020-07-27 17:22:55,595 [INFO] IPUIPlugin:65 - create IPUIPlugin
2020-07-27 17:22:55,596 [INFO] IPUIPlugin:65 - create IPUIPlugin
2020-07-27 17:22:55,596 [INFO] IPUIPlugin:65 - create IPUIPlugin
2020-07-27 17:22:55,596 [INFO] IPUIPlugin:65 - create IPUIPlugin
2020-07-27 17:22:55,596 [INFO] IPUIPlugin:65 - create IPUIPlugin
2020-07-27 17:22:55,597 [INFO] IPUIPlugin:65 - create IPUIPlugin
2020-07-27 17:22:55,672 [INFO] LogOutputStream:76 - [STDOUT_REDIRECT] toolchainItems.length=====1
2020-07-27 17:22:55,826 [INFO] OpenFileManager:294 - Restore cursor
2020-07-27 17:22:57,102 [INFO] UtilMem:74 - End SaveConfig() Used Memory: 564502432 Bytes (673185792)
2020-07-27 17:22:57,361 [INFO] UtilMem:74 - End SaveConfig() Used Memory: 361078688 Bytes (673185792)
2020-07-27 17:22:58,192 [INFO] BlockDiagram:2671 - set Specific Code input for plugin: TIM6_7H7
2020-07-27 17:22:58,192 [INFO] BlockDiagram:2671 - set Specific Code input for plugin: TIM1_8H7
2020-07-27 17:22:58,193 [INFO] BlockDiagram:2671 - set Specific Code input for plugin: TIM1_8H7
2020-07-27 17:22:58,193 [INFO] BlockDiagram:2671 - set Specific Code input for plugin: TIM1_8H7
2020-07-27 17:22:58,193 [INFO] BlockDiagram:2671 - set Specific Code input for plugin: TIM1_8H7
2020-07-27 17:22:58,193 [INFO] BlockDiagram:2671 - set Specific Code input for plugin: USB_DEVICE
2020-07-27 17:22:58,193 [INFO] BlockDiagram:2671 - set Specific Code input for plugin: SYS
2020-07-27 17:22:58,193 [INFO] BlockDiagram:2671 - set Specific Code input for plugin: RCC
2020-07-27 17:22:58,193 [INFO] BlockDiagram:2671 - set Specific Code input for plugin: USB_OTG_FS
2020-07-27 17:22:58,193 [INFO] BlockDiagram:2671 - set Specific Code input for plugin: NVIC
2020-07-27 17:22:58,193 [INFO] BlockDiagram:2671 - set Specific Code input for plugin: USART
2020-07-27 17:22:58,194 [INFO] BlockDiagram:2671 - set Specific Code input for plugin: USART
2020-07-27 17:22:58,194 [INFO] BlockDiagram:2671 - set Specific Code input for plugin: CORTEX_M7
2020-07-27 17:22:58,194 [INFO] BlockDiagram:2671 - set Specific Code input for plugin: DEBUG
2020-07-27 17:22:58,195 [INFO] BlockDiagram:2671 - set Specific Code input for plugin: GPIO
2020-07-27 17:22:58,199 [INFO] CodeGenerator:603 - code generatio: config db path: C:\ST\STM32CubeIDE_1.0.2\STM32CubeIDE\plugins\com.st.stm32cube.common.mx_5.6.1.202004052303\\db\
2020-07-27 17:22:59,826 [INFO] CodeEngine:188 - oldGeneratedFile, C:\Users\zhika\Desktop\Third Year\ELEC 442\puma control\Puma_work\Puma\MXTmpFiles\license.tmp_save
2020-07-27 17:23:00,357 [INFO] CodeEngine:206 - Generated code: C:\Users\zhika\Desktop\Third Year\ELEC 442\puma control\Puma_work\Puma\MXTmpFiles\license.tmp
2020-07-27 17:23:00,806 [INFO] CodeEngine:188 - oldGeneratedFile, C:\Users\zhika\Desktop\Third Year\ELEC 442\puma control\Puma_work\Puma\MXTmpFiles\gpio.tmp_save
2020-07-27 17:23:01,059 [INFO] CodeEngine:206 - Generated code: C:\Users\zhika\Desktop\Third Year\ELEC 442\puma control\Puma_work\Puma\MXTmpFiles\gpio.tmp
2020-07-27 17:23:01,090 [INFO] LogOutputStream:76 - [STDOUT_REDIRECT] Command line test
2020-07-27 17:23:01,921 [INFO] CodeEngine:188 - oldGeneratedFile, C:\Users\zhika\Desktop\Third Year\ELEC 442\puma control\Puma_work\Puma\MXTmpFiles\usb_otg_fs_vars.tmp_save
2020-07-27 17:23:02,187 [INFO] CodeEngine:206 - Generated code: C:\Users\zhika\Desktop\Third Year\ELEC 442\puma control\Puma_work\Puma\MXTmpFiles\usb_otg_fs_vars.tmp
2020-07-27 17:23:02,278 [INFO] CodeEngine:188 - oldGeneratedFile, C:\Users\zhika\Desktop\Third Year\ELEC 442\puma control\Puma_work\Puma\MXTmpFiles\usb_otg_fs_inc.tmp_save
2020-07-27 17:23:02,447 [INFO] CodeEngine:206 - Generated code: C:\Users\zhika\Desktop\Third Year\ELEC 442\puma control\Puma_work\Puma\MXTmpFiles\usb_otg_fs_inc.tmp
2020-07-27 17:23:02,566 [INFO] CodeEngine:188 - oldGeneratedFile, C:\Users\zhika\Desktop\Third Year\ELEC 442\puma control\Puma_work\Puma\MXTmpFiles\usb_otg_fs_HalInit.tmp_save
2020-07-27 17:23:02,797 [INFO] CodeEngine:206 - Generated code: C:\Users\zhika\Desktop\Third Year\ELEC 442\puma control\Puma_work\Puma\MXTmpFiles\usb_otg_fs_HalInit.tmp
2020-07-27 17:23:02,876 [INFO] CodeEngine:188 - oldGeneratedFile, C:\Users\zhika\Desktop\Third Year\ELEC 442\puma control\Puma_work\Puma\MXTmpFiles\usb_otg_fs_Msp.tmp_save
2020-07-27 17:23:03,058 [INFO] CodeEngine:206 - Generated code: C:\Users\zhika\Desktop\Third Year\ELEC 442\puma control\Puma_work\Puma\MXTmpFiles\usb_otg_fs_Msp.tmp
2020-07-27 17:23:03,319 [WARN] IPConfigManager:90 - WARNING: Missing Config File for DEBUG ip!!
2020-07-27 17:23:06,788 [INFO] LogOutputStream:76 - [STDOUT_REDIRECT] Command line
2020-07-27 17:23:06,789 [INFO] LogOutputStream:76 - [STDOUT_REDIRECT] Debug : prepare data for CORTEX_M7
2020-07-27 17:23:06,789 [INFO] LogOutputStream:76 - [STDOUT_REDIRECT] Command line test
2020-07-27 17:23:06,828 [INFO] CodeEngine:188 - oldGeneratedFile, C:\Users\zhika\Desktop\Third Year\ELEC 442\puma control\Puma_work\Puma\MXTmpFiles\cortex.tmp_save
2020-07-27 17:23:06,977 [INFO] CodeEngine:206 - Generated code: C:\Users\zhika\Desktop\Third Year\ELEC 442\puma control\Puma_work\Puma\MXTmpFiles\cortex.tmp
2020-07-27 17:23:06,986 [INFO] LogOutputStream:76 - [STDOUT_REDIRECT] Command line
2020-07-27 17:23:06,987 [INFO] LogOutputStream:76 - [STDOUT_REDIRECT] Debug : prepare data for DEBUG
2020-07-27 17:23:06,988 [INFO] LogOutputStream:76 - [STDOUT_REDIRECT] Command line test
2020-07-27 17:23:06,991 [INFO] LogOutputStream:76 - [STDOUT_REDIRECT] Command line
2020-07-27 17:23:06,994 [INFO] LogOutputStream:76 - [STDOUT_REDIRECT] Debug : prepare data for TIM
2020-07-27 17:23:06,995 [INFO] LogOutputStream:76 - [STDOUT_REDIRECT] Command line test
2020-07-27 17:23:07,000 [INFO] LogOutputStream:76 - [STDOUT_REDIRECT] Command line
2020-07-27 17:23:07,002 [INFO] LogOutputStream:76 - [STDOUT_REDIRECT] Debug : prepare data for USART
2020-07-27 17:23:07,003 [INFO] LogOutputStream:76 - [STDOUT_REDIRECT] Command line test
2020-07-27 17:23:07,006 [INFO] LogOutputStream:76 - [STDOUT_REDIRECT] Command line
2020-07-27 17:23:07,026 [INFO] ApiDbMcu:451 - Load IP Config File for USB_DEVICE
2020-07-27 17:23:07,051 [INFO] Middleware:1103 - No code input for Bsp Dependency
2020-07-27 17:23:07,108 [INFO] CodeEngine:188 - oldGeneratedFile, C:\Users\zhika\Desktop\Third Year\ELEC 442\puma control\Puma_work\Puma\USB_DEVICE\App\usb_device.c_save
2020-07-27 17:23:07,279 [INFO] CodeEngine:206 - Generated code: C:\Users\zhika\Desktop\Third Year\ELEC 442\puma control\Puma_work\Puma\USB_DEVICE\App\usb_device.c
2020-07-27 17:23:07,348 [INFO] CodeEngine:188 - oldGeneratedFile, C:\Users\zhika\Desktop\Third Year\ELEC 442\puma control\Puma_work\Puma\USB_DEVICE\App\usb_device.h_save
2020-07-27 17:23:07,502 [INFO] CodeEngine:206 - Generated code: C:\Users\zhika\Desktop\Third Year\ELEC 442\puma control\Puma_work\Puma\USB_DEVICE\App\usb_device.h
2020-07-27 17:23:07,574 [INFO] CodeEngine:188 - oldGeneratedFile, C:\Users\zhika\Desktop\Third Year\ELEC 442\puma control\Puma_work\Puma\USB_DEVICE\Target\usbd_conf.h_save
2020-07-27 17:23:07,757 [INFO] CodeEngine:206 - Generated code: C:\Users\zhika\Desktop\Third Year\ELEC 442\puma control\Puma_work\Puma\USB_DEVICE\Target\usbd_conf.h
2020-07-27 17:23:07,799 [INFO] CodeEngine:188 - oldGeneratedFile, C:\Users\zhika\Desktop\Third Year\ELEC 442\puma control\Puma_work\Puma\USB_DEVICE\Target\usbd_conf.c_save
2020-07-27 17:23:07,960 [INFO] CodeEngine:206 - Generated code: C:\Users\zhika\Desktop\Third Year\ELEC 442\puma control\Puma_work\Puma\USB_DEVICE\Target\usbd_conf.c
2020-07-27 17:23:08,008 [INFO] CodeEngine:188 - oldGeneratedFile, C:\Users\zhika\Desktop\Third Year\ELEC 442\puma control\Puma_work\Puma\USB_DEVICE\App\usbd_desc.h_save
2020-07-27 17:23:08,206 [INFO] CodeEngine:206 - Generated code: C:\Users\zhika\Desktop\Third Year\ELEC 442\puma control\Puma_work\Puma\USB_DEVICE\App\usbd_desc.h
2020-07-27 17:23:08,271 [INFO] CodeEngine:188 - oldGeneratedFile, C:\Users\zhika\Desktop\Third Year\ELEC 442\puma control\Puma_work\Puma\USB_DEVICE\App\usbd_desc.c_save
2020-07-27 17:23:08,442 [INFO] CodeEngine:206 - Generated code: C:\Users\zhika\Desktop\Third Year\ELEC 442\puma control\Puma_work\Puma\USB_DEVICE\App\usbd_desc.c
2020-07-27 17:23:08,481 [INFO] CodeEngine:188 - oldGeneratedFile, C:\Users\zhika\Desktop\Third Year\ELEC 442\puma control\Puma_work\Puma\USB_DEVICE\App\usbd_cdc_if.h_save
2020-07-27 17:23:08,596 [INFO] CodeEngine:206 - Generated code: C:\Users\zhika\Desktop\Third Year\ELEC 442\puma control\Puma_work\Puma\USB_DEVICE\App\usbd_cdc_if.h
2020-07-27 17:23:08,647 [INFO] CodeEngine:188 - oldGeneratedFile, C:\Users\zhika\Desktop\Third Year\ELEC 442\puma control\Puma_work\Puma\USB_DEVICE\App\usbd_cdc_if.c_save
2020-07-27 17:23:08,769 [INFO] CodeEngine:206 - Generated code: C:\Users\zhika\Desktop\Third Year\ELEC 442\puma control\Puma_work\Puma\USB_DEVICE\App\usbd_cdc_if.c
2020-07-27 17:23:08,775 [INFO] LogOutputStream:76 - [STDOUT_REDIRECT] Debug : prepare data for NVIC
2020-07-27 17:23:08,776 [INFO] LogOutputStream:76 - [STDOUT_REDIRECT] Command line test
2020-07-27 17:23:08,822 [INFO] CodeEngine:188 - oldGeneratedFile, C:\Users\zhika\Desktop\Third Year\ELEC 442\puma control\Puma_work\Puma\Core\Src\stm32h7xx_it.c_save
2020-07-27 17:23:08,997 [INFO] CodeEngine:206 - Generated code: C:\Users\zhika\Desktop\Third Year\ELEC 442\puma control\Puma_work\Puma\Core\Src\stm32h7xx_it.c
2020-07-27 17:23:09,037 [INFO] CodeEngine:188 - oldGeneratedFile, C:\Users\zhika\Desktop\Third Year\ELEC 442\puma control\Puma_work\Puma\Core\Inc\stm32h7xx_it.h_save
2020-07-27 17:23:09,129 [INFO] CodeEngine:206 - Generated code: C:\Users\zhika\Desktop\Third Year\ELEC 442\puma control\Puma_work\Puma\Core\Inc\stm32h7xx_it.h
2020-07-27 17:23:09,458 [INFO] CodeEngine:188 - oldGeneratedFile, C:\Users\zhika\Desktop\Third Year\ELEC 442\puma control\Puma_work\Puma\Core\Src\stm32h7xx_hal_msp.c_save
2020-07-27 17:23:09,647 [INFO] CodeEngine:206 - Generated code: C:\Users\zhika\Desktop\Third Year\ELEC 442\puma control\Puma_work\Puma\Core\Src\stm32h7xx_hal_msp.c
2020-07-27 17:23:09,694 [INFO] CodeEngine:188 - oldGeneratedFile, C:\Users\zhika\Desktop\Third Year\ELEC 442\puma control\Puma_work\Puma\MXTmpFiles\system.tmp_save
2020-07-27 17:23:09,812 [INFO] CodeEngine:206 - Generated code: C:\Users\zhika\Desktop\Third Year\ELEC 442\puma control\Puma_work\Puma\MXTmpFiles\system.tmp
2020-07-27 17:23:09,867 [INFO] CodeEngine:188 - oldGeneratedFile, C:\Users\zhika\Desktop\Third Year\ELEC 442\puma control\Puma_work\Puma\Core\Inc\stm32h7xx_hal_conf.h_save
2020-07-27 17:23:10,000 [INFO] CodeEngine:206 - Generated code: C:\Users\zhika\Desktop\Third Year\ELEC 442\puma control\Puma_work\Puma\Core\Inc\stm32h7xx_hal_conf.h
2020-07-27 17:23:10,052 [WARN] IPConfigManager:2701 - IP not found : TIM
2020-07-27 17:23:10,052 [WARN] IPConfigManager:2701 - IP not found : gpio
2020-07-27 17:23:10,055 [WARN] CodeGenerator:2649 - IP not found : TIM
2020-07-27 17:23:10,056 [WARN] CodeGenerator:2649 - IP not found : gpio
2020-07-27 17:23:10,099 [INFO] CodeEngine:188 - oldGeneratedFile, C:\Users\zhika\Desktop\Third Year\ELEC 442\puma control\Puma_work\Puma\Core\Inc\main.h_save
2020-07-27 17:23:10,200 [INFO] CodeEngine:206 - Generated code: C:\Users\zhika\Desktop\Third Year\ELEC 442\puma control\Puma_work\Puma\Core\Inc\main.h
2020-07-27 17:23:10,259 [INFO] CodeEngine:188 - oldGeneratedFile, C:\Users\zhika\Desktop\Third Year\ELEC 442\puma control\Puma_work\Puma\Core\Src\main.c_save
2020-07-27 17:23:10,551 [INFO] CodeEngine:206 - Generated code: C:\Users\zhika\Desktop\Third Year\ELEC 442\puma control\Puma_work\Puma\Core\Src\main.c
2020-07-27 17:23:13,035 [INFO] ProjectBuilder:2002 - Time for Copy HAL[1] : 1475mS.
2020-07-27 17:23:13,054 [INFO] ProjectBuilder:2727 - Project Generator version: 3.7.1
2020-07-27 17:23:13,557 [INFO] ConfigFileManager:1066 - The Die is : DIE450
2020-07-27 17:23:33,080 [INFO] ProjectBuilder:2894 - Time for Generating toolchain IDE Files: 20026mS.
2020-07-27 17:23:33,083 [INFO] ProjectBuilder:1878 - Time for Copy CMSIS : 3mS.
2020-07-27 17:23:33,160 [INFO] ProjectBuilder:1878 - Time for Copy CMSIS : 0mS.
2020-07-27 17:53:34,733 [INFO] DbMcusDocs:142 - JSON generation date=Thu Jul 02 08:47:47 PDT 2020 (1593704867)
2020-07-27 17:53:34,886 [INFO] DbMcusDocs:77 - Found 580 MCUs documents
